c1 = 479, c2 = 9; c1 + c2 produces 488
c1 = 479, c2 = 9; c1 - c2 produces 470
c1 = 479, c2 = 9; c1 * c2 produces 4311
c1 = 479, c2 = 9; c1 / c2 produces 53
c1 = 479, c2 = 9; c1 % c2 produces 2
c1 = 479, c2 = 9; c1 ^ c2 produces 470
c1 = 479, c2 = 9; c1 & c2 produces 9
c1 = 479, c2 = 9; c1 | c2 produces 479
c1 = 479, c2 = 9; c1 << c2 produces 245248
c1 = 479, c2 = 9; c1 >> c2 produces 0
c1 = 479, c2 = 9; c1 += c2 produces 488
c1 = 488, c2 = 9; c1 -= c2 produces 479
c1 = 479, c2 = 9; c1 *= c2 produces 4311
c1 = 4311, c2 = 9; c1 /= c2 produces 479
c1 = 479, c2 = 9; c1 %= c2 produces 2
c1 = 2, c2 = 9; c1 ^= c2 produces 11
c1 = 11, c2 = 9; c1 &= c2 produces 9
c1 = 9, c2 = 9; c1 |= c2 produces 9
c1 = 9, c2 = 9; c1 >>= c2 produces 0
c1 = 0, c2 = 9; c1 <<= c2 produces 0
c1 = 0, c2 = 9; c1 < c2 produces 1
c1 = 0, c2 = 9; c1 > c2 produces 0
c1 = 0, c2 = 9; c1 == c2 produces 0
c1 = 0, c2 = 9; c1 != c2 produces 1
c1 = 0, c2 = 9; c1 <= c2 produces 1
c1 = 0, c2 = 9; c1 >= c2 produces 0
c1 = 0, c2 = 9; c1 && c2 produces 0
c1 = 0, c2 = 9; c1 || c2 produces 1

 member functions:
b1 = 0x9, b2 = 0x2f; b1 + b2 produces 0x38
b1 = 0x9, b2 = 0x2f; b1 - b2 produces 0xda
b1 = 0x9, b2 = 0x2f; b1 * b2 produces 0xa7
b1 = 0x9, b2 = 0x2f; b1 / b2 produces 0x0
b1 = 0x9, b2 = 0x2f; b1 % b2 produces 0x9
b1 = 0x9, b2 = 0x2f; b1 ^ b2 produces 0x26
b1 = 0x9, b2 = 0x2f; b1 & b2 produces 0x9
b1 = 0x9, b2 = 0x2f; b1 | b2 produces 0x2f
b1 = 0x9, b2 = 0x2f; b1 << b2 produces 0x0
b1 = 0x9, b2 = 0x2f; b1 >> b2 produces 0x0
b1 = 0x9, b2 = 0x2f; b1 += b2 produces 0x38
b1 = 0x38, b2 = 0x2f; b1 -= b2 produces 0x9
b1 = 0x9, b2 = 0x2f; b1 *= b2 produces 0xa7
b1 = 0xa7, b2 = 0x2f; b1 /= b2 produces 0x3
b1 = 0x3, b2 = 0x2f; b1 %= b2 produces 0x3
b1 = 0x3, b2 = 0x2f; b1 ^= b2 produces 0x2c
b1 = 0x2c, b2 = 0x2f; b1 &= b2 produces 0x2c
b1 = 0x2c, b2 = 0x2f; b1 |= b2 produces 0x2f
b1 = 0x2f, b2 = 0x2f; b1 >>= b2 produces 0x0
b1 = 0x0, b2 = 0x2f; b1 <<= b2 produces 0x0
b1 = 0x0, b2 = 0x2f; b1 = b2 produces 0x2f
b1 = 0x9, b2 = 0x2f; b1 < b2 produces 1
b1 = 0x9, b2 = 0x2f; b1 > b2 produces 0
b1 = 0x9, b2 = 0x2f; b1 == b2 produces 0
b1 = 0x9, b2 = 0x2f; b1 != b2 produces 1
b1 = 0x9, b2 = 0x2f; b1 <= b2 produces 1
b1 = 0x9, b2 = 0x2f; b1 >= b2 produces 0
b1 = 0x9, b2 = 0x2f; b1 && b2 produces 1
b1 = 0x9, b2 = 0x2f; b1 || b2 produces 1
