weight of P8Aluminum = 43
weight of P8Aluminum = 41
weight of P8Aluminum = 43
weight of P8Aluminum = 57
weight of P8Aluminum = 43
weight of P8Aluminum = 68
weight of P8Aluminum = 98
weight of P8Aluminum = 43
weight of P8Aluminum = 33
Total value = 783.23
weight of P5Paper = 40
weight of P5Paper = 95
weight of P5Paper = 28
weight of P5Paper = 63
weight of P5Paper = 16
weight of P5Paper = 84
weight of P5Paper = 75
weight of P5Paper = 88
weight of P5Paper = 45
weight of P5Paper = 4
weight of P5Paper = 24
weight of P5Paper = 30
weight of P5Paper = 7
weight of P5Paper = 41
weight of P5Paper = 60
weight of P5Paper = 26
weight of P5Paper = 7
Total value = 73.3
weight of P5Glass = 8
weight of P5Glass = 39
weight of P5Glass = 55
weight of P5Glass = 9
Total value = 25.53
weight of P5Trash = 40
weight of P5Trash = 43
weight of P5Trash = 41
weight of P5Trash = 95
weight of P5Trash = 43
weight of P5Trash = 57
weight of P5Trash = 28
weight of P5Trash = 8
weight of P5Trash = 63
weight of P5Trash = 16
weight of P5Trash = 84
weight of P5Trash = 43
weight of P5Trash = 75
weight of P5Trash = 88
weight of P5Trash = 39
weight of P5Trash = 55
weight of P5Trash = 68
weight of P5Trash = 9
weight of P5Trash = 45
weight of P5Trash = 98
weight of P5Trash = 43
weight of P5Trash = 4
weight of P5Trash = 24
weight of P5Trash = 30
weight of P5Trash = 7
weight of P5Trash = 41
weight of P5Trash = 60
weight of P5Trash = 33
weight of P5Trash = 26
weight of P5Trash = 7
Total value = 882.06
~Trash()
~Trash()
~Trash()
~Trash()
~Trash()
~Trash()
~Trash()
~Trash()
~Trash()
~Trash()
~Trash()
~Trash()
~Trash()
~Trash()
~Trash()
~Trash()
~Trash()
~Trash()
~Trash()
~Trash()
~Trash()
~Trash()
~Trash()
~Trash()
~Trash()
~Trash()
~Trash()
~Trash()
~Trash()
~Trash()
